2012-09-20 00:49:51,221  WARN [main] - org.scala-ide.sdt.core - org.scala-ide.sdt.core - org.scala-ide.sdt.core - 0 - ProgramExecutor actor </Users/dvdhsu/Dropbox/Scala/progfun/src/week1/session.sc> self-healing...
java.lang.NullPointerException
	at org.scalaide.worksheet.editor.ScriptEditor$DefaultEditorProxy.org$scalaide$worksheet$editor$ScriptEditor$DefaultEditorProxy$$doc(ScriptEditor.scala:67)
	at org.scalaide.worksheet.editor.ScriptEditor$DefaultEditorProxy.getContents(ScriptEditor.scala:69)
	at org.scalaide.worksheet.runtime.IncrementalDocumentMixer.<init>(IncrementalDocumentMixer.scala:28)
	at org.scalaide.worksheet.runtime.IncrementalDocumentMixer$.apply(IncrementalDocumentMixer.scala:13)
	at org.scalaide.worksheet.runtime.ProgramExecutor$$anonfun$act$1$$anonfun$apply$1.apply(ProgramExecutor.scala:128)
	at org.scalaide.worksheet.runtime.ProgramExecutor$$anonfun$act$1$$anonfun$apply$1.apply(ProgramExecutor.scala:94)
	at scala.actors.ReactorTask.run(ReactorTask.scala:31)
	at scala.actors.Reactor$class.resumeReceiver(Reactor.scala:129)
	at org.scalaide.worksheet.runtime.ProgramExecutor.scala$actors$ReplyReactor$$super$resumeReceiver(ProgramExecutor.scala:80)
	at scala.actors.ReplyReactor$class.resumeReceiver(ReplyReactor.scala:68)
	at org.scalaide.worksheet.runtime.ProgramExecutor.resumeReceiver(ProgramExecutor.scala:80)
	at scala.actors.Actor$class.searchMailbox(Actor.scala:500)
	at org.scalaide.worksheet.runtime.ProgramExecutor.searchMailbox(ProgramExecutor.scala:80)
	at scala.actors.Reactor$$anonfun$startSearch$1$$anonfun$apply$mcV$sp$1.apply$mcV$sp(Reactor.scala:117)
	at scala.actors.Reactor$$anonfun$startSearch$1$$anonfun$apply$mcV$sp$1.apply(Reactor.scala:114)
	at scala.actors.Reactor$$anonfun$startSearch$1$$anonfun$apply$mcV$sp$1.apply(Reactor.scala:114)
	at scala.actors.ReactorTask.run(ReactorTask.scala:33)
	at scala.concurrent.forkjoin.ForkJoinPool$AdaptedRunnable.exec(ForkJoinPool.java:611)
	at scala.concurrent.forkjoin.ForkJoinTask.quietlyExec(ForkJoinTask.java:422)
	at scala.concurrent.forkjoin.ForkJoinWorkerThread.mainLoop(ForkJoinWorkerThread.java:340)
	at scala.concurrent.forkjoin.ForkJoinWorkerThread.run(ForkJoinWorkerThread.java:325)
2012-09-20 18:37:18,634 ERROR [ForkJoinPool-1-worker-3] - System.err - IncrementalDocumentMixer <actor>: caught java.lang.NumberFormatException: For input string: "Exception"
2012-09-20 18:37:18,635 ERROR [ForkJoinPool-1-worker-3] - System.err - java.lang.NumberFormatException: For input string: "Exception"
2012-09-20 18:37:18,635 ERROR [ForkJoinPool-1-worker-3] - System.err - at java.lang.NumberFormatException.forInputString(NumberFormatException.java:48)
2012-09-20 18:37:18,635 ERROR [ForkJoinPool-1-worker-3] - System.err - at java.lang.Integer.parseInt(Integer.java:449)
2012-09-20 18:37:18,635 ERROR [ForkJoinPool-1-worker-3] - System.err - at java.lang.Integer.parseInt(Integer.java:499)
2012-09-20 18:37:18,635 ERROR [ForkJoinPool-1-worker-3] - System.err - at scala.collection.immutable.StringLike$class.toInt(StringLike.scala:231)
2012-09-20 18:37:18,635 ERROR [ForkJoinPool-1-worker-3] - System.err - at scala.collection.immutable.StringOps.toInt(StringOps.scala:31)
2012-09-20 18:37:18,636 ERROR [ForkJoinPool-1-worker-3] - System.err - at org.scalaide.worksheet.text.Mixer$$anon$1.next(Mixer.scala:27)
2012-09-20 18:37:18,636 ERROR [ForkJoinPool-1-worker-3] - System.err - at org.scalaide.worksheet.text.Mixer$$anon$1.next(Mixer.scala:19)
2012-09-20 18:37:18,636 ERROR [ForkJoinPool-1-worker-3] - System.err - at scala.collection.Iterator$$anon$22.hasNext(Iterator.scala:458)
2012-09-20 18:37:18,636 ERROR [ForkJoinPool-1-worker-3] - System.err - at scala.collection.Iterator$class.foreach(Iterator.scala:772)
2012-09-20 18:37:18,636 ERROR [ForkJoinPool-1-worker-3] - System.err - at scala.collection.Iterator$$anon$22.foreach(Iterator.scala:451)
2012-09-20 18:37:18,636 ERROR [ForkJoinPool-1-worker-3] - System.err - at org.scalaide.worksheet.text.Mixer.mix(Mixer.scala:72)
2012-09-20 18:37:18,636 ERROR [ForkJoinPool-1-worker-3] - System.err - at org.scalaide.worksheet.runtime.IncrementalDocumentMixer.org$scalaide$worksheet$runtime$IncrementalDocumentMixer$$updateDocument(IncrementalDocumentMixer.scala:48)
2012-09-20 18:37:18,636 ERROR [ForkJoinPool-1-worker-3] - System.err - at org.scalaide.worksheet.runtime.IncrementalDocumentMixer$$anonfun$act$1$$anonfun$apply$1.apply(IncrementalDocumentMixer.scala:39)
2012-09-20 18:37:18,636 ERROR [ForkJoinPool-1-worker-3] - System.err - at org.scalaide.worksheet.runtime.IncrementalDocumentMixer$$anonfun$act$1$$anonfun$apply$1.apply(IncrementalDocumentMixer.scala:35)
2012-09-20 18:37:18,636 ERROR [ForkJoinPool-1-worker-3] - System.err - at scala.actors.ReactorTask.run(ReactorTask.scala:31)
2012-09-20 18:37:18,636 ERROR [ForkJoinPool-1-worker-3] - System.err - at scala.actors.Reactor$class.resumeReceiver(Reactor.scala:129)
2012-09-20 18:37:18,637 ERROR [ForkJoinPool-1-worker-3] - System.err - at org.scalaide.worksheet.runtime.IncrementalDocumentMixer.scala$actors$ReplyReactor$$super$resumeReceiver(IncrementalDocumentMixer.scala:25)
2012-09-20 18:37:18,637 ERROR [ForkJoinPool-1-worker-3] - System.err - at scala.actors.ReplyReactor$class.resumeReceiver(ReplyReactor.scala:68)
2012-09-20 18:37:18,637 ERROR [ForkJoinPool-1-worker-3] - System.err - at org.scalaide.worksheet.runtime.IncrementalDocumentMixer.resumeReceiver(IncrementalDocumentMixer.scala:25)
2012-09-20 18:37:18,637 ERROR [ForkJoinPool-1-worker-3] - System.err - at scala.actors.Actor$class.searchMailbox(Actor.scala:500)
2012-09-20 18:37:18,637 ERROR [ForkJoinPool-1-worker-3] - System.err - at org.scalaide.worksheet.runtime.IncrementalDocumentMixer.searchMailbox(IncrementalDocumentMixer.scala:25)
2012-09-20 18:37:18,637 ERROR [ForkJoinPool-1-worker-3] - System.err - at scala.actors.Reactor$$anonfun$startSearch$1$$anonfun$apply$mcV$sp$1.apply$mcV$sp(Reactor.scala:117)
2012-09-20 18:37:18,637 ERROR [ForkJoinPool-1-worker-3] - System.err - at scala.actors.Reactor$$anonfun$startSearch$1$$anonfun$apply$mcV$sp$1.apply(Reactor.scala:114)
2012-09-20 18:37:18,637 ERROR [ForkJoinPool-1-worker-3] - System.err - at scala.actors.Reactor$$anonfun$startSearch$1$$anonfun$apply$mcV$sp$1.apply(Reactor.scala:114)
2012-09-20 18:37:18,637 ERROR [ForkJoinPool-1-worker-3] - System.err - at scala.actors.ReactorTask.run(ReactorTask.scala:33)
2012-09-20 18:37:18,637 ERROR [ForkJoinPool-1-worker-3] - System.err - at scala.concurrent.forkjoin.ForkJoinPool$AdaptedRunnable.exec(ForkJoinPool.java:611)
2012-09-20 18:37:18,637 ERROR [ForkJoinPool-1-worker-3] - System.err - at scala.concurrent.forkjoin.ForkJoinTask.quietlyExec(ForkJoinTask.java:422)
2012-09-20 18:37:18,638 ERROR [ForkJoinPool-1-worker-3] - System.err - at scala.concurrent.forkjoin.ForkJoinWorkerThread.mainLoop(ForkJoinWorkerThread.java:340)
2012-09-20 18:37:18,638 ERROR [ForkJoinPool-1-worker-3] - System.err - at scala.concurrent.forkjoin.ForkJoinWorkerThread.run(ForkJoinWorkerThread.java:325)
2012-09-25 14:54:17,675 ERROR [ForkJoinPool-1-worker-6] - System.err - IncrementalDocumentMixer <actor>: caught java.lang.NumberFormatException: For input string: "Exception"
2012-09-25 14:54:17,677 ERROR [ForkJoinPool-1-worker-6] - System.err - java.lang.NumberFormatException: For input string: "Exception"
2012-09-25 14:54:17,677 ERROR [ForkJoinPool-1-worker-6] - System.err - at java.lang.NumberFormatException.forInputString(NumberFormatException.java:48)
2012-09-25 14:54:17,677 ERROR [ForkJoinPool-1-worker-6] - System.err - at java.lang.Integer.parseInt(Integer.java:449)
2012-09-25 14:54:17,677 ERROR [ForkJoinPool-1-worker-6] - System.err - at java.lang.Integer.parseInt(Integer.java:499)
2012-09-25 14:54:17,677 ERROR [ForkJoinPool-1-worker-6] - System.err - at scala.collection.immutable.StringLike$class.toInt(StringLike.scala:231)
2012-09-25 14:54:17,677 ERROR [ForkJoinPool-1-worker-6] - System.err - at scala.collection.immutable.StringOps.toInt(StringOps.scala:31)
2012-09-25 14:54:17,677 ERROR [ForkJoinPool-1-worker-6] - System.err - at org.scalaide.worksheet.text.Mixer$$anon$1.next(Mixer.scala:27)
2012-09-25 14:54:17,677 ERROR [ForkJoinPool-1-worker-6] - System.err - at org.scalaide.worksheet.text.Mixer$$anon$1.next(Mixer.scala:19)
2012-09-25 14:54:17,678 ERROR [ForkJoinPool-1-worker-6] - System.err - at scala.collection.Iterator$$anon$22.hasNext(Iterator.scala:458)
2012-09-25 14:54:17,678 ERROR [ForkJoinPool-1-worker-6] - System.err - at scala.collection.Iterator$class.foreach(Iterator.scala:772)
2012-09-25 14:54:17,678 ERROR [ForkJoinPool-1-worker-6] - System.err - at scala.collection.Iterator$$anon$22.foreach(Iterator.scala:451)
2012-09-25 14:54:17,678 ERROR [ForkJoinPool-1-worker-6] - System.err - at org.scalaide.worksheet.text.Mixer.mix(Mixer.scala:72)
2012-09-25 14:54:17,678 ERROR [ForkJoinPool-1-worker-6] - System.err - at org.scalaide.worksheet.runtime.IncrementalDocumentMixer.org$scalaide$worksheet$runtime$IncrementalDocumentMixer$$updateDocument(IncrementalDocumentMixer.scala:48)
2012-09-25 14:54:17,678 ERROR [ForkJoinPool-1-worker-6] - System.err - at org.scalaide.worksheet.runtime.IncrementalDocumentMixer$$anonfun$act$1$$anonfun$apply$1.apply(IncrementalDocumentMixer.scala:39)
2012-09-25 14:54:17,678 ERROR [ForkJoinPool-1-worker-6] - System.err - at org.scalaide.worksheet.runtime.IncrementalDocumentMixer$$anonfun$act$1$$anonfun$apply$1.apply(IncrementalDocumentMixer.scala:35)
2012-09-25 14:54:17,678 ERROR [ForkJoinPool-1-worker-6] - System.err - at scala.actors.ReactorTask.run(ReactorTask.scala:31)
2012-09-25 14:54:17,678 ERROR [ForkJoinPool-1-worker-6] - System.err - at scala.actors.Reactor$class.resumeReceiver(Reactor.scala:129)
2012-09-25 14:54:17,678 ERROR [ForkJoinPool-1-worker-6] - System.err - at org.scalaide.worksheet.runtime.IncrementalDocumentMixer.scala$actors$ReplyReactor$$super$resumeReceiver(IncrementalDocumentMixer.scala:25)
2012-09-25 14:54:17,678 ERROR [ForkJoinPool-1-worker-6] - System.err - at scala.actors.ReplyReactor$class.resumeReceiver(ReplyReactor.scala:68)
2012-09-25 14:54:17,678 ERROR [ForkJoinPool-1-worker-6] - System.err - at org.scalaide.worksheet.runtime.IncrementalDocumentMixer.resumeReceiver(IncrementalDocumentMixer.scala:25)
2012-09-25 14:54:17,678 ERROR [ForkJoinPool-1-worker-6] - System.err - at scala.actors.Actor$class.searchMailbox(Actor.scala:500)
2012-09-25 14:54:17,678 ERROR [ForkJoinPool-1-worker-6] - System.err - at org.scalaide.worksheet.runtime.IncrementalDocumentMixer.searchMailbox(IncrementalDocumentMixer.scala:25)
2012-09-25 14:54:17,678 ERROR [ForkJoinPool-1-worker-6] - System.err - at scala.actors.Reactor$$anonfun$startSearch$1$$anonfun$apply$mcV$sp$1.apply$mcV$sp(Reactor.scala:117)
2012-09-25 14:54:17,678 ERROR [ForkJoinPool-1-worker-6] - System.err - at scala.actors.Reactor$$anonfun$startSearch$1$$anonfun$apply$mcV$sp$1.apply(Reactor.scala:114)
2012-09-25 14:54:17,678 ERROR [ForkJoinPool-1-worker-6] - System.err - at scala.actors.Reactor$$anonfun$startSearch$1$$anonfun$apply$mcV$sp$1.apply(Reactor.scala:114)
2012-09-25 14:54:17,678 ERROR [ForkJoinPool-1-worker-6] - System.err - at scala.actors.ReactorTask.run(ReactorTask.scala:33)
2012-09-25 14:54:17,678 ERROR [ForkJoinPool-1-worker-6] - System.err - at scala.concurrent.forkjoin.ForkJoinPool$AdaptedRunnable.exec(ForkJoinPool.java:611)
2012-09-25 14:54:17,678 ERROR [ForkJoinPool-1-worker-6] - System.err - at scala.concurrent.forkjoin.ForkJoinTask.quietlyExec(ForkJoinTask.java:422)
2012-09-25 14:54:17,678 ERROR [ForkJoinPool-1-worker-6] - System.err - at scala.concurrent.forkjoin.ForkJoinWorkerThread.mainLoop(ForkJoinWorkerThread.java:340)
2012-09-25 14:54:17,678 ERROR [ForkJoinPool-1-worker-6] - System.err - at scala.concurrent.forkjoin.ForkJoinWorkerThread.run(ForkJoinWorkerThread.java:325)
2012-09-25 22:39:36,999 ERROR [main] - System.err - Error while informing user about event loop exception:
2012-09-25 22:39:36,999 ERROR [main] - System.err - java.lang.OutOfMemoryError: PermGen space
2012-09-25 22:39:36,999 ERROR [main] - System.err - at java.lang.ClassLoader.defineClass1(Native Method)
2012-09-25 22:39:36,999 ERROR [main] - System.err - at java.lang.ClassLoader.defineClassCond(ClassLoader.java:631)
2012-09-25 22:39:36,999 ERROR [main] - System.err - at java.lang.ClassLoader.defineClass(ClassLoader.java:615)
2012-09-25 22:39:36,999 ERROR [main] - System.err - at org.eclipse.osgi.internal.baseadaptor.DefaultClassLoader.defineClass(DefaultClassLoader.java:188)
2012-09-25 22:39:36,999 ERROR [main] - System.err - at org.eclipse.osgi.baseadaptor.loader.ClasspathManager.defineClassHoldingLock(ClasspathManager.java:626)
2012-09-25 22:39:36,999 ERROR [main] - System.err - at org.eclipse.osgi.baseadaptor.loader.ClasspathManager.defineClass(ClasspathManager.java:608)
2012-09-25 22:39:36,999 ERROR [main] - System.err - at org.eclipse.osgi.baseadaptor.loader.ClasspathManager.findClassImpl(ClasspathManager.java:562)
2012-09-25 22:39:36,999 ERROR [main] - System.err - at org.eclipse.osgi.baseadaptor.loader.ClasspathManager.findLocalClassImpl(ClasspathManager.java:486)
2012-09-25 22:39:36,999 ERROR [main] - System.err - at org.eclipse.osgi.baseadaptor.loader.ClasspathManager.findLocalClass(ClasspathManager.java:459)
2012-09-25 22:39:36,999 ERROR [main] - System.err - at org.eclipse.osgi.internal.baseadaptor.DefaultClassLoader.findLocalClass(DefaultClassLoader.java:216)
2012-09-25 22:39:37,000 ERROR [main] - System.err - at org.eclipse.osgi.internal.loader.BundleLoader.findLocalClass(BundleLoader.java:400)
2012-09-25 22:39:37,000 ERROR [main] - System.err - at org.eclipse.osgi.internal.loader.BundleLoader.findClassInternal(BundleLoader.java:476)
2012-09-25 22:39:37,000 ERROR [main] - System.err - at org.eclipse.osgi.internal.loader.BundleLoader.findClass(BundleLoader.java:429)
2012-09-25 22:39:37,000 ERROR [main] - System.err - at org.eclipse.osgi.internal.loader.BundleLoader.findClass(BundleLoader.java:417)
2012-09-25 22:39:37,000 ERROR [main] - System.err - at org.eclipse.osgi.internal.baseadaptor.DefaultClassLoader.loadClass(DefaultClassLoader.java:107)
2012-09-25 22:39:37,000 ERROR [main] - System.err - at java.lang.ClassLoader.loadClass(ClassLoader.java:247)
2012-09-25 22:39:37,000 ERROR [main] - System.err - at org.eclipse.ui.internal.dialogs.AboutDialog.createDialogArea(AboutDialog.java:208)
2012-09-25 22:39:37,000 ERROR [main] - System.err - at org.eclipse.jface.dialogs.Dialog.createContents(Dialog.java:760)
2012-09-25 22:39:37,000 ERROR [main] - System.err - at org.eclipse.jface.window.Window.create(Window.java:431)
2012-09-25 22:39:37,000 ERROR [main] - System.err - at org.eclipse.jface.dialogs.Dialog.create(Dialog.java:1089)
2012-09-25 22:39:37,000 ERROR [main] - System.err - at org.eclipse.jface.window.Window.open(Window.java:790)
2012-09-25 22:39:37,000 ERROR [main] - System.err - at org.eclipse.ui.internal.about.AboutHandler.execute(AboutHandler.java:32)
2012-09-25 22:39:37,000 ERROR [main] - System.err - at org.eclipse.ui.internal.handlers.HandlerProxy.execute(HandlerProxy.java:293)
2012-09-25 22:39:37,000 ERROR [main] - System.err - at org.eclipse.core.commands.Command.executeWithChecks(Command.java:476)
2012-09-25 22:39:37,000 ERROR [main] - System.err - at org.eclipse.ui.internal.handlers.HandlerService.executeCommand(HandlerService.java:178)
2012-09-25 22:39:37,000 ERROR [main] - System.err - at org.eclipse.ui.internal.cocoa.CocoaUIEnhancer.runCommand(CocoaUIEnhancer.java:393)
2012-09-25 22:39:37,000 ERROR [main] - System.err - at org.eclipse.ui.internal.cocoa.CocoaUIEnhancer.actionProc(CocoaUIEnhancer.java:537)
2012-09-25 22:39:37,000 ERROR [main] - System.err - at org.eclipse.swt.internal.cocoa.OS.objc_msgSendSuper(Native Method)
2012-09-25 22:39:37,000 ERROR [main] - System.err - at org.eclipse.swt.widgets.Display.applicationNextEventMatchingMask(Display.java:4879)
2012-09-25 22:39:37,000 ERROR [main] - System.err - at org.eclipse.swt.widgets.Display.applicationProc(Display.java:5226)
2012-09-25 22:39:37,000 ERROR [main] - System.err - at org.eclipse.swt.internal.cocoa.OS.objc_msgSend(Native Method)
2012-09-25 22:39:37,000 ERROR [main] - System.err - at org.eclipse.swt.internal.cocoa.NSApplication.nextEventMatchingMask(NSApplication.java:94)
2012-09-25 22:39:37,000 ERROR [main] - System.err - Dialog open exception:
2012-09-25 22:39:37,001 ERROR [main] - System.err - java.lang.OutOfMemoryError: PermGen space
2012-09-25 22:39:37,001 ERROR [main] - System.err - at java.lang.Class.getDeclaredMethods0(Native Method)
2012-09-25 22:39:37,001 ERROR [main] - System.err - at java.lang.Class.privateGetDeclaredMethods(Class.java:2427)
2012-09-25 22:39:37,001 ERROR [main] - System.err - at java.lang.Class.getMethod0(Class.java:2670)
2012-09-25 22:39:37,001 ERROR [main] - System.err - at java.lang.Class.getMethod0(Class.java:2679)
2012-09-25 22:39:37,001 ERROR [main] - System.err - at java.lang.Class.getMethod(Class.java:1603)
2012-09-25 22:39:37,001 ERROR [main] - System.err - at org.eclipse.ui.internal.handlers.WidgetMethodHandler.getMethodToExecute(WidgetMethodHandler.java:265)
2012-09-25 22:39:37,001 ERROR [main] - System.err - at org.eclipse.ui.internal.handlers.WidgetMethodHandler.isHandled(WidgetMethodHandler.java:247)
2012-09-25 22:39:37,001 ERROR [main] - System.err - at org.eclipse.ui.internal.handlers.WidgetMethodHandler.updateEnablement(WidgetMethodHandler.java:57)
2012-09-25 22:39:37,001 ERROR [main] - System.err - at org.eclipse.ui.internal.handlers.WidgetMethodHandler$1.handleEvent(WidgetMethodHandler.java:49)
2012-09-25 22:39:37,001 ERROR [main] - System.err - at org.eclipse.swt.widgets.EventTable.sendEvent(EventTable.java:84)
2012-09-25 22:39:37,001 ERROR [main] - System.err - at org.eclipse.swt.widgets.Display.filterEvent(Display.java:1069)
2012-09-25 22:39:37,001 ERROR [main] - System.err - at org.eclipse.swt.widgets.Display.sendEvent(Display.java:4127)
2012-09-25 22:39:37,001 ERROR [main] - System.err - at org.eclipse.swt.widgets.Widget.sendEvent(Widget.java:1457)
2012-09-25 22:39:37,001 ERROR [main] - System.err - at org.eclipse.swt.widgets.Widget.sendEvent(Widget.java:1480)
2012-09-25 22:39:37,001 ERROR [main] - System.err - at org.eclipse.swt.widgets.Widget.sendEvent(Widget.java:1461)
2012-09-25 22:39:37,001 ERROR [main] - System.err - at org.eclipse.swt.widgets.Control.sendFocusEvent(Control.java:3285)
2012-09-25 22:39:37,001 ERROR [main] - System.err - at org.eclipse.swt.widgets.Display.checkFocus(Display.java:646)
2012-09-25 22:39:37,001 ERROR [main] - System.err - at org.eclipse.swt.widgets.Shell.makeFirstResponder(Shell.java:1234)
2012-09-25 22:39:37,002 ERROR [main] - System.err - at org.eclipse.swt.widgets.Display.windowProc(Display.java:5581)
2012-09-25 22:39:37,002 ERROR [main] - System.err - at org.eclipse.swt.internal.cocoa.OS.objc_msgSend_bool(Native Method)
2012-09-25 22:39:37,002 ERROR [main] - System.err - at org.eclipse.swt.internal.cocoa.NSWindow.makeFirstResponder(NSWindow.java:194)
2012-09-25 22:39:37,002 ERROR [main] - System.err - at org.eclipse.swt.widgets.Control.forceFocus(Control.java:1445)
2012-09-25 22:39:37,002 ERROR [main] - System.err - at org.eclipse.swt.widgets.Control.forceFocus(Control.java:1425)
2012-09-25 22:39:37,002 ERROR [main] - System.err - at org.eclipse.swt.widgets.Decorations.restoreFocus(Decorations.java:426)
2012-09-25 22:39:37,002 ERROR [main] - System.err - at org.eclipse.swt.widgets.Shell.windowDidBecomeKey(Shell.java:2105)
2012-09-25 22:39:37,002 ERROR [main] - System.err - at org.eclipse.swt.widgets.Display.windowProc(Display.java:5519)
2012-09-25 22:39:37,002 ERROR [main] - System.err - at org.eclipse.swt.internal.cocoa.OS.objc_msgSendSuper(Native Method)
2012-09-25 22:39:37,002 ERROR [main] - System.err - at org.eclipse.swt.widgets.Widget.callSuper(Widget.java:213)
2012-09-25 22:39:37,002 ERROR [main] - System.err - at org.eclipse.swt.widgets.Widget.becomeKeyWindow(Widget.java:361)
2012-09-25 22:39:37,002 ERROR [main] - System.err - at org.eclipse.swt.widgets.Shell.becomeKeyWindow(Shell.java:533)
2012-09-25 22:39:37,002 ERROR [main] - System.err - at org.eclipse.swt.widgets.Display.windowProc(Display.java:5343)
2012-09-25 22:39:37,002 ERROR [main] - System.err - at org.eclipse.swt.internal.cocoa.OS.objc_msgSend(Native Method)
2012-09-25 22:39:39,740 ERROR [main] - System.err - Fatal error happened during workbench emergency close.
2012-09-25 22:39:39,740 ERROR [main] - System.err - java.lang.OutOfMemoryError: PermGen space
2012-09-25 22:53:07,108 ERROR [ForkJoinPool-1-worker-14] - System.err - java.lang.ExceptionInInitializerError
2012-09-25 22:53:07,109 ERROR [ForkJoinPool-1-worker-14] - System.err - at scala.tools.eclipse.logging.HasLogger$class.eclipseLog(HasLogger.scala:16)
2012-09-25 22:53:07,109 ERROR [ForkJoinPool-1-worker-14] - System.err - at org.scalaide.worksheet.runtime.WorksheetsManager.eclipseLog(WorksheetsManager.scala:21)
2012-09-25 22:53:07,109 ERROR [ForkJoinPool-1-worker-14] - System.err - at org.scalaide.worksheet.runtime.WorksheetsManager$$anonfun$act$1$$anonfun$apply$1.apply(WorksheetsManager.scala:37)
2012-09-25 22:53:07,109 ERROR [ForkJoinPool-1-worker-14] - System.err - at org.scalaide.worksheet.runtime.WorksheetsManager$$anonfun$act$1$$anonfun$apply$1.apply(WorksheetsManager.scala:29)
2012-09-25 22:53:07,110 ERROR [ForkJoinPool-1-worker-14] - System.err - at scala.actors.ReactorTask.run(ReactorTask.scala:31)
2012-09-25 22:53:07,110 ERROR [ForkJoinPool-1-worker-14] - System.err - at scala.actors.Reactor$class.resumeReceiver(Reactor.scala:129)
2012-09-25 22:53:07,110 ERROR [ForkJoinPool-1-worker-14] - System.err - at org.scalaide.worksheet.runtime.WorksheetsManager.scala$actors$ReplyReactor$$super$resumeReceiver(WorksheetsManager.scala:21)
2012-09-25 22:53:07,110 ERROR [ForkJoinPool-1-worker-14] - System.err - at scala.actors.ReplyReactor$class.resumeReceiver(ReplyReactor.scala:68)
2012-09-25 22:53:07,110 ERROR [ForkJoinPool-1-worker-14] - System.err - at org.scalaide.worksheet.runtime.WorksheetsManager.resumeReceiver(WorksheetsManager.scala:21)
2012-09-25 22:53:07,110 ERROR [ForkJoinPool-1-worker-14] - System.err - at scala.actors.Actor$class.searchMailbox(Actor.scala:500)
2012-09-25 22:53:07,111 ERROR [ForkJoinPool-1-worker-14] - System.err - at org.scalaide.worksheet.runtime.WorksheetsManager.searchMailbox(WorksheetsManager.scala:21)
2012-09-25 22:53:07,111 ERROR [ForkJoinPool-1-worker-14] - System.err - at scala.actors.Reactor$$anonfun$startSearch$1$$anonfun$apply$mcV$sp$1.apply$mcV$sp(Reactor.scala:117)
2012-09-25 22:53:07,111 ERROR [ForkJoinPool-1-worker-14] - System.err - at scala.actors.Reactor$$anonfun$startSearch$1$$anonfun$apply$mcV$sp$1.apply(Reactor.scala:114)
2012-09-25 22:53:07,111 ERROR [ForkJoinPool-1-worker-14] - System.err - at scala.actors.Reactor$$anonfun$startSearch$1$$anonfun$apply$mcV$sp$1.apply(Reactor.scala:114)
2012-09-25 22:53:07,111 ERROR [ForkJoinPool-1-worker-14] - System.err - at scala.actors.ReactorTask.run(ReactorTask.scala:33)
2012-09-25 22:53:07,111 ERROR [ForkJoinPool-1-worker-14] - System.err - at scala.concurrent.forkjoin.ForkJoinPool$AdaptedRunnable.exec(ForkJoinPool.java:611)
2012-09-25 22:53:07,111 ERROR [ForkJoinPool-1-worker-14] - System.err - at scala.concurrent.forkjoin.ForkJoinTask.quietlyExec(ForkJoinTask.java:422)
2012-09-25 22:53:07,112 ERROR [ForkJoinPool-1-worker-14] - System.err - at scala.concurrent.forkjoin.ForkJoinWorkerThread.mainLoop(ForkJoinWorkerThread.java:340)
2012-09-25 22:53:07,112 ERROR [ForkJoinPool-1-worker-14] - System.err - at scala.concurrent.forkjoin.ForkJoinWorkerThread.run(ForkJoinWorkerThread.java:325)
2012-09-25 22:53:07,112 ERROR [ForkJoinPool-1-worker-14] - System.err - Caused by: java.lang.NullPointerException
2012-09-25 22:53:07,112 ERROR [ForkJoinPool-1-worker-14] - System.err - at scala.tools.eclipse.logging.EclipseLogger$.<init>(EclipseLogger.scala:27)
2012-09-25 22:53:07,112 ERROR [ForkJoinPool-1-worker-14] - System.err - at scala.tools.eclipse.logging.EclipseLogger$.<clinit>(EclipseLogger.scala)
2012-09-25 22:53:07,112 ERROR [ForkJoinPool-1-worker-14] - System.err - ... 19 more
2012-09-25 22:53:07,113 ERROR [ForkJoinPool-1-worker-14] - System.err - java.lang.ExceptionInInitializerError
2012-09-25 22:53:07,113 ERROR [ForkJoinPool-1-worker-14] - System.err - at scala.tools.eclipse.logging.HasLogger$class.eclipseLog(HasLogger.scala:16)
2012-09-25 22:53:07,113 ERROR [ForkJoinPool-1-worker-14] - System.err - at org.scalaide.worksheet.runtime.WorksheetsManager.eclipseLog(WorksheetsManager.scala:21)
2012-09-25 22:53:07,113 ERROR [ForkJoinPool-1-worker-14] - System.err - at org.scalaide.worksheet.runtime.WorksheetsManager$$anonfun$act$1$$anonfun$apply$1.apply(WorksheetsManager.scala:37)
2012-09-25 22:53:07,113 ERROR [ForkJoinPool-1-worker-14] - System.err - at org.scalaide.worksheet.runtime.WorksheetsManager$$anonfun$act$1$$anonfun$apply$1.apply(WorksheetsManager.scala:29)
2012-09-25 22:53:07,113 ERROR [ForkJoinPool-1-worker-14] - System.err - at scala.actors.ReactorTask.run(ReactorTask.scala:31)
2012-09-25 22:53:07,113 ERROR [ForkJoinPool-1-worker-14] - System.err - at scala.actors.Reactor$class.resumeReceiver(Reactor.scala:129)
2012-09-25 22:53:07,114 ERROR [ForkJoinPool-1-worker-14] - System.err - at org.scalaide.worksheet.runtime.WorksheetsManager.scala$actors$ReplyReactor$$super$resumeReceiver(WorksheetsManager.scala:21)
2012-09-25 22:53:07,114 ERROR [ForkJoinPool-1-worker-14] - System.err - at scala.actors.ReplyReactor$class.resumeReceiver(ReplyReactor.scala:68)
2012-09-25 22:53:07,114 ERROR [ForkJoinPool-1-worker-14] - System.err - at org.scalaide.worksheet.runtime.WorksheetsManager.resumeReceiver(WorksheetsManager.scala:21)
2012-09-25 22:53:07,114 ERROR [ForkJoinPool-1-worker-14] - System.err - at scala.actors.Actor$class.searchMailbox(Actor.scala:500)
2012-09-25 22:53:07,114 ERROR [ForkJoinPool-1-worker-14] - System.err - at org.scalaide.worksheet.runtime.WorksheetsManager.searchMailbox(WorksheetsManager.scala:21)
2012-09-25 22:53:07,114 ERROR [ForkJoinPool-1-worker-14] - System.err - at scala.actors.Reactor$$anonfun$startSearch$1$$anonfun$apply$mcV$sp$1.apply$mcV$sp(Reactor.scala:117)
2012-09-25 22:53:07,114 ERROR [ForkJoinPool-1-worker-14] - System.err - at scala.actors.Reactor$$anonfun$startSearch$1$$anonfun$apply$mcV$sp$1.apply(Reactor.scala:114)
2012-09-25 22:53:07,115 ERROR [ForkJoinPool-1-worker-14] - System.err - at scala.actors.Reactor$$anonfun$startSearch$1$$anonfun$apply$mcV$sp$1.apply(Reactor.scala:114)
2012-09-25 22:53:07,115 ERROR [ForkJoinPool-1-worker-14] - System.err - at scala.actors.ReactorTask.run(ReactorTask.scala:33)
2012-09-25 22:53:07,115 ERROR [ForkJoinPool-1-worker-14] - System.err - at scala.concurrent.forkjoin.ForkJoinPool$AdaptedRunnable.exec(ForkJoinPool.java:611)
2012-09-25 22:53:07,115 ERROR [ForkJoinPool-1-worker-14] - System.err - at scala.concurrent.forkjoin.ForkJoinTask.quietlyExec(ForkJoinTask.java:422)
2012-09-25 22:53:07,115 ERROR [ForkJoinPool-1-worker-14] - System.err - at scala.concurrent.forkjoin.ForkJoinWorkerThread.mainLoop(ForkJoinWorkerThread.java:340)
2012-09-25 22:53:07,115 ERROR [ForkJoinPool-1-worker-14] - System.err - at scala.concurrent.forkjoin.ForkJoinWorkerThread.run(ForkJoinWorkerThread.java:325)
2012-09-25 22:53:07,115 ERROR [ForkJoinPool-1-worker-14] - System.err - Caused by: java.lang.NullPointerException
2012-09-25 22:53:07,115 ERROR [ForkJoinPool-1-worker-14] - System.err - at scala.tools.eclipse.logging.EclipseLogger$.<init>(EclipseLogger.scala:27)
2012-09-25 22:53:07,115 ERROR [ForkJoinPool-1-worker-14] - System.err - at scala.tools.eclipse.logging.EclipseLogger$.<clinit>(EclipseLogger.scala)
2012-09-25 22:53:07,115 ERROR [ForkJoinPool-1-worker-14] - System.err - ... 19 more
2012-09-26 01:16:57,586  WARN [main] - org.scala-ide.sdt.core - org.scala-ide.sdt.core - org.scala-ide.sdt.core - 0 - ProgramExecutor actor </Users/dvdhsu/Dropbox/Scala/week1/src/main/scala/test.sc> self-healing...
java.lang.NullPointerException
	at org.scalaide.worksheet.editor.ScriptEditor$DefaultEditorProxy.org$scalaide$worksheet$editor$ScriptEditor$DefaultEditorProxy$$doc(ScriptEditor.scala:67)
	at org.scalaide.worksheet.editor.ScriptEditor$DefaultEditorProxy.getContents(ScriptEditor.scala:69)
	at org.scalaide.worksheet.runtime.IncrementalDocumentMixer.<init>(IncrementalDocumentMixer.scala:28)
	at org.scalaide.worksheet.runtime.IncrementalDocumentMixer$.apply(IncrementalDocumentMixer.scala:13)
	at org.scalaide.worksheet.runtime.ProgramExecutor$$anonfun$act$1$$anonfun$apply$1.apply(ProgramExecutor.scala:128)
	at org.scalaide.worksheet.runtime.ProgramExecutor$$anonfun$act$1$$anonfun$apply$1.apply(ProgramExecutor.scala:94)
	at scala.actors.ReactorTask.run(ReactorTask.scala:31)
	at scala.actors.Reactor$class.resumeReceiver(Reactor.scala:129)
	at org.scalaide.worksheet.runtime.ProgramExecutor.scala$actors$ReplyReactor$$super$resumeReceiver(ProgramExecutor.scala:80)
	at scala.actors.ReplyReactor$class.resumeReceiver(ReplyReactor.scala:68)
	at org.scalaide.worksheet.runtime.ProgramExecutor.resumeReceiver(ProgramExecutor.scala:80)
	at scala.actors.Actor$class.searchMailbox(Actor.scala:500)
	at org.scalaide.worksheet.runtime.ProgramExecutor.searchMailbox(ProgramExecutor.scala:80)
	at scala.actors.Reactor$$anonfun$startSearch$1$$anonfun$apply$mcV$sp$1.apply$mcV$sp(Reactor.scala:117)
	at scala.actors.Reactor$$anonfun$startSearch$1$$anonfun$apply$mcV$sp$1.apply(Reactor.scala:114)
	at scala.actors.Reactor$$anonfun$startSearch$1$$anonfun$apply$mcV$sp$1.apply(Reactor.scala:114)
	at scala.actors.ReactorTask.run(ReactorTask.scala:33)
	at scala.concurrent.forkjoin.ForkJoinPool$AdaptedRunnable.exec(ForkJoinPool.java:611)
	at scala.concurrent.forkjoin.ForkJoinTask.quietlyExec(ForkJoinTask.java:422)
	at scala.concurrent.forkjoin.ForkJoinWorkerThread.mainLoop(ForkJoinWorkerThread.java:340)
	at scala.concurrent.forkjoin.ForkJoinWorkerThread.run(ForkJoinWorkerThread.java:325)
2012-10-02 21:44:13,796 ERROR [ForkJoinPool-1-worker-1] - System.err - IncrementalDocumentMixer <actor>: caught java.lang.NumberFormatException: For input string: "Exception"
2012-10-02 21:44:13,798 ERROR [ForkJoinPool-1-worker-1] - System.err - java.lang.NumberFormatException: For input string: "Exception"
2012-10-02 21:44:13,799 ERROR [ForkJoinPool-1-worker-1] - System.err - at java.lang.NumberFormatException.forInputString(NumberFormatException.java:48)
2012-10-02 21:44:13,799 ERROR [ForkJoinPool-1-worker-1] - System.err - at java.lang.Integer.parseInt(Integer.java:449)
2012-10-02 21:44:13,799 ERROR [ForkJoinPool-1-worker-1] - System.err - at java.lang.Integer.parseInt(Integer.java:499)
2012-10-02 21:44:13,799 ERROR [ForkJoinPool-1-worker-1] - System.err - at scala.collection.immutable.StringLike$class.toInt(StringLike.scala:231)
2012-10-02 21:44:13,799 ERROR [ForkJoinPool-1-worker-1] - System.err - at scala.collection.immutable.StringOps.toInt(StringOps.scala:31)
2012-10-02 21:44:13,799 ERROR [ForkJoinPool-1-worker-1] - System.err - at org.scalaide.worksheet.text.Mixer$$anon$1.next(Mixer.scala:27)
2012-10-02 21:44:13,799 ERROR [ForkJoinPool-1-worker-1] - System.err - at org.scalaide.worksheet.text.Mixer$$anon$1.next(Mixer.scala:19)
2012-10-02 21:44:13,799 ERROR [ForkJoinPool-1-worker-1] - System.err - at scala.collection.Iterator$$anon$22.hasNext(Iterator.scala:458)
2012-10-02 21:44:13,799 ERROR [ForkJoinPool-1-worker-1] - System.err - at scala.collection.Iterator$class.foreach(Iterator.scala:772)
2012-10-02 21:44:13,799 ERROR [ForkJoinPool-1-worker-1] - System.err - at scala.collection.Iterator$$anon$22.foreach(Iterator.scala:451)
2012-10-02 21:44:13,799 ERROR [ForkJoinPool-1-worker-1] - System.err - at org.scalaide.worksheet.text.Mixer.mix(Mixer.scala:72)
2012-10-02 21:44:13,799 ERROR [ForkJoinPool-1-worker-1] - System.err - at org.scalaide.worksheet.runtime.IncrementalDocumentMixer.org$scalaide$worksheet$runtime$IncrementalDocumentMixer$$updateDocument(IncrementalDocumentMixer.scala:48)
2012-10-02 21:44:13,800 ERROR [ForkJoinPool-1-worker-1] - System.err - at org.scalaide.worksheet.runtime.IncrementalDocumentMixer$$anonfun$act$1$$anonfun$apply$1.apply(IncrementalDocumentMixer.scala:39)
2012-10-02 21:44:13,800 ERROR [ForkJoinPool-1-worker-1] - System.err - at org.scalaide.worksheet.runtime.IncrementalDocumentMixer$$anonfun$act$1$$anonfun$apply$1.apply(IncrementalDocumentMixer.scala:35)
2012-10-02 21:44:13,800 ERROR [ForkJoinPool-1-worker-1] - System.err - at scala.actors.ReactorTask.run(ReactorTask.scala:31)
2012-10-02 21:44:13,800 ERROR [ForkJoinPool-1-worker-1] - System.err - at scala.actors.Reactor$class.resumeReceiver(Reactor.scala:129)
2012-10-02 21:44:13,800 ERROR [ForkJoinPool-1-worker-1] - System.err - at org.scalaide.worksheet.runtime.IncrementalDocumentMixer.scala$actors$ReplyReactor$$super$resumeReceiver(IncrementalDocumentMixer.scala:25)
2012-10-02 21:44:13,800 ERROR [ForkJoinPool-1-worker-1] - System.err - at scala.actors.ReplyReactor$class.resumeReceiver(ReplyReactor.scala:68)
2012-10-02 21:44:13,800 ERROR [ForkJoinPool-1-worker-1] - System.err - at org.scalaide.worksheet.runtime.IncrementalDocumentMixer.resumeReceiver(IncrementalDocumentMixer.scala:25)
2012-10-02 21:44:13,800 ERROR [ForkJoinPool-1-worker-1] - System.err - at scala.actors.Actor$class.searchMailbox(Actor.scala:500)
2012-10-02 21:44:13,800 ERROR [ForkJoinPool-1-worker-1] - System.err - at org.scalaide.worksheet.runtime.IncrementalDocumentMixer.searchMailbox(IncrementalDocumentMixer.scala:25)
2012-10-02 21:44:13,800 ERROR [ForkJoinPool-1-worker-1] - System.err - at scala.actors.Reactor$$anonfun$startSearch$1$$anonfun$apply$mcV$sp$1.apply$mcV$sp(Reactor.scala:117)
2012-10-02 21:44:13,800 ERROR [ForkJoinPool-1-worker-1] - System.err - at scala.actors.Reactor$$anonfun$startSearch$1$$anonfun$apply$mcV$sp$1.apply(Reactor.scala:114)
2012-10-02 21:44:13,800 ERROR [ForkJoinPool-1-worker-1] - System.err - at scala.actors.Reactor$$anonfun$startSearch$1$$anonfun$apply$mcV$sp$1.apply(Reactor.scala:114)
2012-10-02 21:44:13,800 ERROR [ForkJoinPool-1-worker-1] - System.err - at scala.actors.ReactorTask.run(ReactorTask.scala:33)
2012-10-02 21:44:13,801 ERROR [ForkJoinPool-1-worker-1] - System.err - at scala.concurrent.forkjoin.ForkJoinPool$AdaptedRunnable.exec(ForkJoinPool.java:611)
2012-10-02 21:44:13,801 ERROR [ForkJoinPool-1-worker-1] - System.err - at scala.concurrent.forkjoin.ForkJoinTask.quietlyExec(ForkJoinTask.java:422)
2012-10-02 21:44:13,801 ERROR [ForkJoinPool-1-worker-1] - System.err - at scala.concurrent.forkjoin.ForkJoinWorkerThread.mainLoop(ForkJoinWorkerThread.java:340)
2012-10-02 21:44:13,801 ERROR [ForkJoinPool-1-worker-1] - System.err - at scala.concurrent.forkjoin.ForkJoinWorkerThread.run(ForkJoinWorkerThread.java:325)
2012-10-02 21:45:30,611 ERROR [ForkJoinPool-1-worker-12] - System.err - IncrementalDocumentMixer <actor>: caught java.lang.NumberFormatException: For input string: "Exception"
2012-10-02 21:45:30,611 ERROR [ForkJoinPool-1-worker-12] - System.err - java.lang.NumberFormatException: For input string: "Exception"
2012-10-02 21:45:30,611 ERROR [ForkJoinPool-1-worker-12] - System.err - at java.lang.NumberFormatException.forInputString(NumberFormatException.java:48)
2012-10-02 21:45:30,612 ERROR [ForkJoinPool-1-worker-12] - System.err - at java.lang.Integer.parseInt(Integer.java:449)
2012-10-02 21:45:30,612 ERROR [ForkJoinPool-1-worker-12] - System.err - at java.lang.Integer.parseInt(Integer.java:499)
2012-10-02 21:45:30,612 ERROR [ForkJoinPool-1-worker-12] - System.err - at scala.collection.immutable.StringLike$class.toInt(StringLike.scala:231)
2012-10-02 21:45:30,612 ERROR [ForkJoinPool-1-worker-12] - System.err - at scala.collection.immutable.StringOps.toInt(StringOps.scala:31)
2012-10-02 21:45:30,612 ERROR [ForkJoinPool-1-worker-12] - System.err - at org.scalaide.worksheet.text.Mixer$$anon$1.next(Mixer.scala:27)
2012-10-02 21:45:30,612 ERROR [ForkJoinPool-1-worker-12] - System.err - at org.scalaide.worksheet.text.Mixer$$anon$1.next(Mixer.scala:19)
2012-10-02 21:45:30,612 ERROR [ForkJoinPool-1-worker-12] - System.err - at scala.collection.Iterator$$anon$22.hasNext(Iterator.scala:458)
2012-10-02 21:45:30,612 ERROR [ForkJoinPool-1-worker-12] - System.err - at scala.collection.Iterator$class.foreach(Iterator.scala:772)
2012-10-02 21:45:30,612 ERROR [ForkJoinPool-1-worker-12] - System.err - at scala.collection.Iterator$$anon$22.foreach(Iterator.scala:451)
2012-10-02 21:45:30,612 ERROR [ForkJoinPool-1-worker-12] - System.err - at org.scalaide.worksheet.text.Mixer.mix(Mixer.scala:72)
2012-10-02 21:45:30,612 ERROR [ForkJoinPool-1-worker-12] - System.err - at org.scalaide.worksheet.runtime.IncrementalDocumentMixer.org$scalaide$worksheet$runtime$IncrementalDocumentMixer$$updateDocument(IncrementalDocumentMixer.scala:48)
2012-10-02 21:45:30,612 ERROR [ForkJoinPool-1-worker-12] - System.err - at org.scalaide.worksheet.runtime.IncrementalDocumentMixer$$anonfun$act$1$$anonfun$apply$1.apply(IncrementalDocumentMixer.scala:39)
2012-10-02 21:45:30,612 ERROR [ForkJoinPool-1-worker-12] - System.err - at org.scalaide.worksheet.runtime.IncrementalDocumentMixer$$anonfun$act$1$$anonfun$apply$1.apply(IncrementalDocumentMixer.scala:35)
2012-10-02 21:45:30,612 ERROR [ForkJoinPool-1-worker-12] - System.err - at scala.actors.ReactorTask.run(ReactorTask.scala:31)
2012-10-02 21:45:30,612 ERROR [ForkJoinPool-1-worker-12] - System.err - at scala.actors.Reactor$class.resumeReceiver(Reactor.scala:129)
2012-10-02 21:45:30,612 ERROR [ForkJoinPool-1-worker-12] - System.err - at org.scalaide.worksheet.runtime.IncrementalDocumentMixer.scala$actors$ReplyReactor$$super$resumeReceiver(IncrementalDocumentMixer.scala:25)
2012-10-02 21:45:30,612 ERROR [ForkJoinPool-1-worker-12] - System.err - at scala.actors.ReplyReactor$class.resumeReceiver(ReplyReactor.scala:68)
2012-10-02 21:45:30,612 ERROR [ForkJoinPool-1-worker-12] - System.err - at org.scalaide.worksheet.runtime.IncrementalDocumentMixer.resumeReceiver(IncrementalDocumentMixer.scala:25)
2012-10-02 21:45:30,613 ERROR [ForkJoinPool-1-worker-12] - System.err - at scala.actors.Actor$class.searchMailbox(Actor.scala:500)
2012-10-02 21:45:30,613 ERROR [ForkJoinPool-1-worker-12] - System.err - at org.scalaide.worksheet.runtime.IncrementalDocumentMixer.searchMailbox(IncrementalDocumentMixer.scala:25)
2012-10-02 21:45:30,613 ERROR [ForkJoinPool-1-worker-12] - System.err - at scala.actors.Reactor$$anonfun$startSearch$1$$anonfun$apply$mcV$sp$1.apply$mcV$sp(Reactor.scala:117)
2012-10-02 21:45:30,613 ERROR [ForkJoinPool-1-worker-12] - System.err - at scala.actors.Reactor$$anonfun$startSearch$1$$anonfun$apply$mcV$sp$1.apply(Reactor.scala:114)
2012-10-02 21:45:30,613 ERROR [ForkJoinPool-1-worker-12] - System.err - at scala.actors.Reactor$$anonfun$startSearch$1$$anonfun$apply$mcV$sp$1.apply(Reactor.scala:114)
2012-10-02 21:45:30,613 ERROR [ForkJoinPool-1-worker-12] - System.err - at scala.actors.ReactorTask.run(ReactorTask.scala:33)
2012-10-02 21:45:30,613 ERROR [ForkJoinPool-1-worker-12] - System.err - at scala.concurrent.forkjoin.ForkJoinPool$AdaptedRunnable.exec(ForkJoinPool.java:611)
2012-10-02 21:45:30,613 ERROR [ForkJoinPool-1-worker-12] - System.err - at scala.concurrent.forkjoin.ForkJoinTask.quietlyExec(ForkJoinTask.java:422)
2012-10-02 21:45:30,613 ERROR [ForkJoinPool-1-worker-12] - System.err - at scala.concurrent.forkjoin.ForkJoinWorkerThread.mainLoop(ForkJoinWorkerThread.java:340)
2012-10-02 21:45:30,613 ERROR [ForkJoinPool-1-worker-12] - System.err - at scala.concurrent.forkjoin.ForkJoinWorkerThread.run(ForkJoinWorkerThread.java:325)
2012-10-03 22:57:35,652 ERROR [ForkJoinPool-1-worker-7] - System.err - IncrementalDocumentMixer <actor>: caught java.lang.NumberFormatException: For input string: "Exception"
2012-10-03 22:57:35,652 ERROR [ForkJoinPool-1-worker-7] - System.err - java.lang.NumberFormatException: For input string: "Exception"
2012-10-03 22:57:35,654 ERROR [ForkJoinPool-1-worker-7] - System.err - at java.lang.NumberFormatException.forInputString(NumberFormatException.java:48)
2012-10-03 22:57:35,654 ERROR [ForkJoinPool-1-worker-7] - System.err - at java.lang.Integer.parseInt(Integer.java:449)
2012-10-03 22:57:35,654 ERROR [ForkJoinPool-1-worker-7] - System.err - at java.lang.Integer.parseInt(Integer.java:499)
2012-10-03 22:57:35,654 ERROR [ForkJoinPool-1-worker-7] - System.err - at scala.collection.immutable.StringLike$class.toInt(StringLike.scala:231)
2012-10-03 22:57:35,654 ERROR [ForkJoinPool-1-worker-7] - System.err - at scala.collection.immutable.StringOps.toInt(StringOps.scala:31)
2012-10-03 22:57:35,654 ERROR [ForkJoinPool-1-worker-7] - System.err - at org.scalaide.worksheet.text.Mixer$$anon$1.next(Mixer.scala:27)
2012-10-03 22:57:35,654 ERROR [ForkJoinPool-1-worker-7] - System.err - at org.scalaide.worksheet.text.Mixer$$anon$1.next(Mixer.scala:19)
2012-10-03 22:57:35,654 ERROR [ForkJoinPool-1-worker-7] - System.err - at scala.collection.Iterator$$anon$22.hasNext(Iterator.scala:458)
2012-10-03 22:57:35,654 ERROR [ForkJoinPool-1-worker-7] - System.err - at scala.collection.Iterator$class.foreach(Iterator.scala:772)
2012-10-03 22:57:35,654 ERROR [ForkJoinPool-1-worker-7] - System.err - at scala.collection.Iterator$$anon$22.foreach(Iterator.scala:451)
2012-10-03 22:57:35,654 ERROR [ForkJoinPool-1-worker-7] - System.err - at org.scalaide.worksheet.text.Mixer.mix(Mixer.scala:72)
2012-10-03 22:57:35,654 ERROR [ForkJoinPool-1-worker-7] - System.err - at org.scalaide.worksheet.runtime.IncrementalDocumentMixer.org$scalaide$worksheet$runtime$IncrementalDocumentMixer$$updateDocument(IncrementalDocumentMixer.scala:48)
2012-10-03 22:57:35,654 ERROR [ForkJoinPool-1-worker-7] - System.err - at org.scalaide.worksheet.runtime.IncrementalDocumentMixer$$anonfun$act$1$$anonfun$apply$1.apply(IncrementalDocumentMixer.scala:37)
2012-10-03 22:57:35,654 ERROR [ForkJoinPool-1-worker-7] - System.err - at org.scalaide.worksheet.runtime.IncrementalDocumentMixer$$anonfun$act$1$$anonfun$apply$1.apply(IncrementalDocumentMixer.scala:35)
2012-10-03 22:57:35,654 ERROR [ForkJoinPool-1-worker-7] - System.err - at scala.actors.ReactorTask.run(ReactorTask.scala:31)
2012-10-03 22:57:35,654 ERROR [ForkJoinPool-1-worker-7] - System.err - at scala.actors.Reactor$class.resumeReceiver(Reactor.scala:129)
2012-10-03 22:57:35,654 ERROR [ForkJoinPool-1-worker-7] - System.err - at org.scalaide.worksheet.runtime.IncrementalDocumentMixer.scala$actors$ReplyReactor$$super$resumeReceiver(IncrementalDocumentMixer.scala:25)
2012-10-03 22:57:35,655 ERROR [ForkJoinPool-1-worker-7] - System.err - at scala.actors.ReplyReactor$class.resumeReceiver(ReplyReactor.scala:68)
2012-10-03 22:57:35,655 ERROR [ForkJoinPool-1-worker-7] - System.err - at org.scalaide.worksheet.runtime.IncrementalDocumentMixer.resumeReceiver(IncrementalDocumentMixer.scala:25)
2012-10-03 22:57:35,655 ERROR [ForkJoinPool-1-worker-7] - System.err - at scala.actors.Actor$class.searchMailbox(Actor.scala:500)
2012-10-03 22:57:35,655 ERROR [ForkJoinPool-1-worker-7] - System.err - at org.scalaide.worksheet.runtime.IncrementalDocumentMixer.searchMailbox(IncrementalDocumentMixer.scala:25)
2012-10-03 22:57:35,655 ERROR [ForkJoinPool-1-worker-7] - System.err - at scala.actors.Reactor$$anonfun$startSearch$1$$anonfun$apply$mcV$sp$1.apply$mcV$sp(Reactor.scala:117)
2012-10-03 22:57:35,655 ERROR [ForkJoinPool-1-worker-7] - System.err - at scala.actors.Reactor$$anonfun$startSearch$1$$anonfun$apply$mcV$sp$1.apply(Reactor.scala:114)
2012-10-03 22:57:35,655 ERROR [ForkJoinPool-1-worker-7] - System.err - at scala.actors.Reactor$$anonfun$startSearch$1$$anonfun$apply$mcV$sp$1.apply(Reactor.scala:114)
2012-10-03 22:57:35,655 ERROR [ForkJoinPool-1-worker-7] - System.err - at scala.actors.ReactorTask.run(ReactorTask.scala:33)
2012-10-03 22:57:35,655 ERROR [ForkJoinPool-1-worker-7] - System.err - at scala.concurrent.forkjoin.ForkJoinPool$AdaptedRunnable.exec(ForkJoinPool.java:611)
2012-10-03 22:57:35,655 ERROR [ForkJoinPool-1-worker-7] - System.err - at scala.concurrent.forkjoin.ForkJoinTask.quietlyExec(ForkJoinTask.java:422)
2012-10-03 22:57:35,655 ERROR [ForkJoinPool-1-worker-7] - System.err - at scala.concurrent.forkjoin.ForkJoinWorkerThread.mainLoop(ForkJoinWorkerThread.java:340)
2012-10-03 22:57:35,655 ERROR [ForkJoinPool-1-worker-7] - System.err - at scala.concurrent.forkjoin.ForkJoinWorkerThread.run(ForkJoinWorkerThread.java:325)
2012-10-04 23:05:45,224 ERROR [main] - org.scala-ide.sdt.core - org.scala-ide.sdt.core - org.scala-ide.sdt.core - 0 - scala.tools.nsc.MissingRequirementError: object scala not found.
2012-10-04 23:14:47,182  WARN [main] - SemanticHighlightingReconciliation - Compilation unit for EditorInput TweetSet.scala is `null`. This could indicate a regression.
2012-10-04 23:14:47,182  WARN [main] - SemanticHighlightingReconciliation - Compilation unit for EditorInput TweetSet.scala is `null`. This could indicate a regression.
2012-10-04 23:14:47,183  WARN [main] - SemanticHighlightingReconciliation - Compilation unit for EditorInput TweetSet.scala is `null`. This could indicate a regression.
2012-10-04 23:14:47,183  WARN [main] - SemanticHighlightingReconciliation - Compilation unit for EditorInput TweetSet.scala is `null`. This could indicate a regression.
2012-10-04 23:14:47,183  WARN [main] - SemanticHighlightingReconciliation - Compilation unit for EditorInput TweetSet.scala is `null`. This could indicate a regression.
2012-10-04 23:14:47,183  WARN [main] - SemanticHighlightingReconciliation - Compilation unit for EditorInput TweetSet.scala is `null`. This could indicate a regression.
2012-10-04 23:14:47,183  WARN [main] - SemanticHighlightingReconciliation - Compilation unit for EditorInput TweetSet.scala is `null`. This could indicate a regression.
2012-10-04 23:14:47,183  WARN [main] - SemanticHighlightingReconciliation - Compilation unit for EditorInput TweetSet.scala is `null`. This could indicate a regression.
2012-10-04 23:14:47,183  WARN [main] - SemanticHighlightingReconciliation - Compilation unit for EditorInput TweetSet.scala is `null`. This could indicate a regression.
2012-10-04 23:14:47,183  WARN [main] - SemanticHighlightingReconciliation - Compilation unit for EditorInput TweetSet.scala is `null`. This could indicate a regression.
